<?xml version="1.0" encoding="UTF-8"?>
<!-- Generated by org.testng.reporters.JUnitXMLReporter -->
<testsuite ignored="0" hostname="LEGION-DIPU" failures="0" tests="2" name="Default test" time="21.917" errors="0" timestamp="2023-06-02T17:26:48 IST">
  <testcase classname="com.mp.HospitalManagementSystem.Tc1_Doc_ProvideAppointment_to_patient" name="DoctorLogin" time="1.308"/>
  <testcase classname="com.mp.HospitalManagementSystem.Tc1_Doc_ProvideAppointment_to_patient" name="AddAppointment" time="15.487"/>
</testsuite> <!-- Default test -->
